{"name": "测试删除邮件用例", "status": "broken", "statusDetails": {"message": "selenium.common.exceptions.TimeoutException: Message: \nStacktrace:\n\tGetHandleVerifier [0x00007FF674D69632+30946]\n\t(No symbol) [0x00007FF674D1E3C9]\n\t(No symbol) [0x00007FF674C16FDA]\n\t(No symbol) [0x00007FF674C6822C]\n\t(No symbol) [0x00007FF674C6850C]\n\t(No symbol) [0x00007FF674CADCB7]\n\t(No symbol) [0x00007FF674C8CAAF]\n\t(No symbol) [0x00007FF674CAB041]\n\t(No symbol) [0x00007FF674C8C813]\n\t(No symbol) [0x00007FF674C5A6E5]\n\t(No symbol) [0x00007FF674C5B021]\n\tGetHandleVerifier [0x00007FF674E9F83D+1301229]\n\tGetHandleVerifier [0x00007FF674EABDB7+1351783]\n\tGetHandleVerifier [0x00007FF674EA2A03+1313971]\n\tGetHandleVerifier [0x00007FF674D9DD06+245686]\n\t(No symbol) [0x00007FF674D2758F]\n\t(No symbol) [0x00007FF674D23804]\n\t(No symbol) [0x00007FF674D23992]\n\t(No symbol) [0x00007FF674D1A3EF]\n\tBaseThreadInitThunk [0x00007FFABA49257D+29]\n\tRtlUserThreadStart [0x00007FFABA84AF28+40]", "trace": "self = <testcase.test_send_email.TestEmail object at 0x0000014562C28AC0>\n\n    @allure.title(\"测试删除邮件用例\")\n    def test_02_delete_email(self):\n        self.index_page.click_receive_email()\n        self.index_page.click_email_checkbox()\n        sleep(2)\n        self.index_page.click_delete_email()\n        sleep(2)\n>       text = self.index_page.get_not_email_text()\n\ntestcase\\test_send_email.py:51: \n_ _ _ _ _ _ _ _ _ _ _ _ _ _ _ _ _ _ _ _ _ _ _ _ _ _ _ _ _ _ _ _ _ _ _ _ _ _ _ _ _ _ _ _ _ _ _ _ _ _ _ _ _ _ _ _ _ _ _ _ _ _ _ _ _ _ _ _ _ _ _ _ _ _ _ _ _ _ _ _ _ _ _ _ _ _ _ _ _ _ _ _ _ _ _ _ _ _ _ _ _ _ _ _ _ _ _ _ _ _ _ _ \npageobjects\\index_163_page.py:93: in get_not_email_text\n    text = self.print_text(*self.not_email_text_loc)\ncommon\\BaseView.py:50: in print_text\n    el = self.find_element(*loc).text\ncommon\\BaseView.py:19: in find_element\n    element = wait.until(lambda x: x.find_element(*loc))\n_ _ _ _ _ _ _ _ _ _ _ _ _ _ _ _ _ _ _ _ _ _ _ _ _ _ _ _ _ _ _ _ _ _ _ _ _ _ _ _ _ _ _ _ _ _ _ _ _ _ _ _ _ _ _ _ _ _ _ _ _ _ _ _ _ _ _ _ _ _ _ _ _ _ _ _ _ _ _ _ _ _ _ _ _ _ _ _ _ _ _ _ _ _ _ _ _ _ _ _ _ _ _ _ _ _ _ _ _ _ _ _ \n\nself = <selenium.webdriver.support.wait.WebDriverWait (session=\"230c4aff2305efcbcef89be23b998355\")>, method = <function BaseView.find_element.<locals>.<lambda> at 0x0000014562D5C550>, message = ''\n\n    def until(self, method: Callable[[D], Union[Literal[False], T]], message: str = \"\") -> T:\n        \"\"\"Calls the method provided with the driver as an argument until the \\\n        return value does not evaluate to ``False``.\n    \n        :param method: callable(WebDriver)\n        :param message: optional message for :exc:`TimeoutException`\n        :returns: the result of the last call to `method`\n        :raises: :exc:`selenium.common.exceptions.TimeoutException` if timeout occurs\n        \"\"\"\n        screen = None\n        stacktrace = None\n    \n        end_time = time.monotonic() + self._timeout\n        while True:\n            try:\n                value = method(self._driver)\n                if value:\n                    return value\n            except self._ignored_exceptions as exc:\n                screen = getattr(exc, \"screen\", None)\n                stacktrace = getattr(exc, \"stacktrace\", None)\n            time.sleep(self._poll)\n            if time.monotonic() > end_time:\n                break\n>       raise TimeoutException(message, screen, stacktrace)\nE       selenium.common.exceptions.TimeoutException: Message: \nE       Stacktrace:\nE       \tGetHandleVerifier [0x00007FF674D69632+30946]\nE       \t(No symbol) [0x00007FF674D1E3C9]\nE       \t(No symbol) [0x00007FF674C16FDA]\nE       \t(No symbol) [0x00007FF674C6822C]\nE       \t(No symbol) [0x00007FF674C6850C]\nE       \t(No symbol) [0x00007FF674CADCB7]\nE       \t(No symbol) [0x00007FF674C8CAAF]\nE       \t(No symbol) [0x00007FF674CAB041]\nE       \t(No symbol) [0x00007FF674C8C813]\nE       \t(No symbol) [0x00007FF674C5A6E5]\nE       \t(No symbol) [0x00007FF674C5B021]\nE       \tGetHandleVerifier [0x00007FF674E9F83D+1301229]\nE       \tGetHandleVerifier [0x00007FF674EABDB7+1351783]\nE       \tGetHandleVerifier [0x00007FF674EA2A03+1313971]\nE       \tGetHandleVerifier [0x00007FF674D9DD06+245686]\nE       \t(No symbol) [0x00007FF674D2758F]\nE       \t(No symbol) [0x00007FF674D23804]\nE       \t(No symbol) [0x00007FF674D23992]\nE       \t(No symbol) [0x00007FF674D1A3EF]\nE       \tBaseThreadInitThunk [0x00007FFABA49257D+29]\nE       \tRtlUserThreadStart [0x00007FFABA84AF28+40]\n\n..\\..\\..\\AppData\\Local\\Programs\\Python\\Python39\\lib\\site-packages\\selenium\\webdriver\\support\\wait.py:105: TimeoutException"}, "start": 1721976731920, "stop": 1721976748891, "uuid": "de7d2388-5a2b-4d1c-9569-415c3fcc372f", "historyId": "3851bd6acd90bf8b8332e20aa6ac78d6", "testCaseId": "3851bd6acd90bf8b8332e20aa6ac78d6", "fullName": "testcase.test_send_email.TestEmail#test_02_delete_email", "labels": [{"name": "parentSuite", "value": "testcase"}, {"name": "suite", "value": "test_send_email"}, {"name": "subSuite", "value": "TestEmail"}, {"name": "host", "value": "DESKTOP-1O1SVHE"}, {"name": "thread", "value": "40368-MainThread"}, {"name": "framework", "value": "pytest"}, {"name": "language", "value": "cpython3"}, {"name": "package", "value": "testcase.test_send_email"}]}