{"name": "测试删除邮件用例", "status": "broken", "statusDetails": {"message": "selenium.common.exceptions.TimeoutException: Message: \nStacktrace:\n\tGetHandleVerifier [0x00007FF7E795EEB2+31554]\n\t(No symbol) [0x00007FF7E78D7EE9]\n\t(No symbol) [0x00007FF7E779872A]\n\t(No symbol) [0x00007FF7E77E8434]\n\t(No symbol) [0x00007FF7E77E853C]\n\t(No symbol) [0x00007FF7E782F6A7]\n\t(No symbol) [0x00007FF7E780D06F]\n\t(No symbol) [0x00007FF7E782C977]\n\t(No symbol) [0x00007FF7E780CDD3]\n\t(No symbol) [0x00007FF7E77DA33B]\n\t(No symbol) [0x00007FF7E77DAED1]\n\tGetHandleVerifier [0x00007FF7E7C68B2D+3217341]\n\tGetHandleVerifier [0x00007FF7E7CB5AF3+3532675]\n\tGetHandleVerifier [0x00007FF7E7CAB0F0+3489152]\n\tGetHandleVerifier [0x00007FF7E7A0E786+750614]\n\t(No symbol) [0x00007FF7E78E376F]\n\t(No symbol) [0x00007FF7E78DEB24]\n\t(No symbol) [0x00007FF7E78DECB2]\n\t(No symbol) [0x00007FF7E78CE17F]\n\tBaseThreadInitThunk [0x00007FFABA49257D+29]\n\tRtlUserThreadStart [0x00007FFABA84AF28+40]", "trace": "self = <testcase.test_send_email.TestEmail object at 0x000002BD1D4430D0>\n\n    @allure.title(\"测试删除邮件用例\")\n    def test_02_delete_email(self):\n        self.index_page.click_receive_email()\n        self.index_page.click_email_checkbox()\n        sleep(2)\n        self.index_page.click_delete_email()\n        sleep(2)\n>       text = self.index_page.get_not_email_text()\n\ntestcase\\test_send_email.py:51: \n_ _ _ _ _ _ _ _ _ _ _ _ _ _ _ _ _ _ _ _ _ _ _ _ _ _ _ _ _ _ _ _ _ _ _ _ _ _ _ _ _ _ _ _ _ _ _ _ _ _ _ _ _ _ _ _ _ _ _ _ _ _ _ _ _ _ _ _ _ _ _ _ _ _ _ _ _ _ _ _ _ _ _ _ _ _ _ _ _ _ _ _ _ _ _ _ _ _ _ _ _ _ _ _ _ _ _ _ _ _ _ _ \npageobjects\\index_163_page.py:93: in get_not_email_text\n    text = self.print_text(*self.not_email_text_loc)\ncommon\\BaseView.py:50: in print_text\n    el = self.find_element(*loc).text\ncommon\\BaseView.py:19: in find_element\n    element = wait.until(lambda x: x.find_element(*loc))\n_ _ _ _ _ _ _ _ _ _ _ _ _ _ _ _ _ _ _ _ _ _ _ _ _ _ _ _ _ _ _ _ _ _ _ _ _ _ _ _ _ _ _ _ _ _ _ _ _ _ _ _ _ _ _ _ _ _ _ _ _ _ _ _ _ _ _ _ _ _ _ _ _ _ _ _ _ _ _ _ _ _ _ _ _ _ _ _ _ _ _ _ _ _ _ _ _ _ _ _ _ _ _ _ _ _ _ _ _ _ _ _ \n\nself = <selenium.webdriver.support.wait.WebDriverWait (session=\"47245b74e6c7eb16fff873d1637ff913\")>, method = <function BaseView.find_element.<locals>.<lambda> at 0x000002BD1D47CB80>, message = ''\n\n    def until(self, method: Callable[[D], Union[Literal[False], T]], message: str = \"\") -> T:\n        \"\"\"Calls the method provided with the driver as an argument until the \\\n        return value does not evaluate to ``False``.\n    \n        :param method: callable(WebDriver)\n        :param message: optional message for :exc:`TimeoutException`\n        :returns: the result of the last call to `method`\n        :raises: :exc:`selenium.common.exceptions.TimeoutException` if timeout occurs\n        \"\"\"\n        screen = None\n        stacktrace = None\n    \n        end_time = time.monotonic() + self._timeout\n        while True:\n            try:\n                value = method(self._driver)\n                if value:\n                    return value\n            except self._ignored_exceptions as exc:\n                screen = getattr(exc, \"screen\", None)\n                stacktrace = getattr(exc, \"stacktrace\", None)\n            time.sleep(self._poll)\n            if time.monotonic() > end_time:\n                break\n>       raise TimeoutException(message, screen, stacktrace)\nE       selenium.common.exceptions.TimeoutException: Message: \nE       Stacktrace:\nE       \tGetHandleVerifier [0x00007FF7E795EEB2+31554]\nE       \t(No symbol) [0x00007FF7E78D7EE9]\nE       \t(No symbol) [0x00007FF7E779872A]\nE       \t(No symbol) [0x00007FF7E77E8434]\nE       \t(No symbol) [0x00007FF7E77E853C]\nE       \t(No symbol) [0x00007FF7E782F6A7]\nE       \t(No symbol) [0x00007FF7E780D06F]\nE       \t(No symbol) [0x00007FF7E782C977]\nE       \t(No symbol) [0x00007FF7E780CDD3]\nE       \t(No symbol) [0x00007FF7E77DA33B]\nE       \t(No symbol) [0x00007FF7E77DAED1]\nE       \tGetHandleVerifier [0x00007FF7E7C68B2D+3217341]\nE       \tGetHandleVerifier [0x00007FF7E7CB5AF3+3532675]\nE       \tGetHandleVerifier [0x00007FF7E7CAB0F0+3489152]\nE       \tGetHandleVerifier [0x00007FF7E7A0E786+750614]\nE       \t(No symbol) [0x00007FF7E78E376F]\nE       \t(No symbol) [0x00007FF7E78DEB24]\nE       \t(No symbol) [0x00007FF7E78DECB2]\nE       \t(No symbol) [0x00007FF7E78CE17F]\nE       \tBaseThreadInitThunk [0x00007FFABA49257D+29]\nE       \tRtlUserThreadStart [0x00007FFABA84AF28+40]\n\n..\\..\\..\\AppData\\Local\\Programs\\Python\\Python39\\lib\\site-packages\\selenium\\webdriver\\support\\wait.py:105: TimeoutException"}, "start": 1721895135470, "stop": 1721895152277, "uuid": "373e9736-7a29-4fb9-9fee-59f07e3a6beb", "historyId": "3851bd6acd90bf8b8332e20aa6ac78d6", "testCaseId": "3851bd6acd90bf8b8332e20aa6ac78d6", "fullName": "testcase.test_send_email.TestEmail#test_02_delete_email", "labels": [{"name": "parentSuite", "value": "testcase"}, {"name": "suite", "value": "test_send_email"}, {"name": "subSuite", "value": "TestEmail"}, {"name": "host", "value": "DESKTOP-1O1SVHE"}, {"name": "thread", "value": "8444-MainThread"}, {"name": "framework", "value": "pytest"}, {"name": "language", "value": "cpython3"}, {"name": "package", "value": "testcase.test_send_email"}]}