{"name": "测试登录用例", "status": "broken", "statusDetails": {"message": "selenium.common.exceptions.TimeoutException: Message: \nStacktrace:\n\tGetHandleVerifier [0x00007FF7E795EEB2+31554]\n\t(No symbol) [0x00007FF7E78D7EE9]\n\t(No symbol) [0x00007FF7E779872A]\n\t(No symbol) [0x00007FF7E77E8434]\n\t(No symbol) [0x00007FF7E77E853C]\n\t(No symbol) [0x00007FF7E782F6A7]\n\t(No symbol) [0x00007FF7E780D06F]\n\t(No symbol) [0x00007FF7E782C977]\n\t(No symbol) [0x00007FF7E780CDD3]\n\t(No symbol) [0x00007FF7E77DA33B]\n\t(No symbol) [0x00007FF7E77DAED1]\n\tGetHandleVerifier [0x00007FF7E7C68B2D+3217341]\n\tGetHandleVerifier [0x00007FF7E7CB5AF3+3532675]\n\tGetHandleVerifier [0x00007FF7E7CAB0F0+3489152]\n\tGetHandleVerifier [0x00007FF7E7A0E786+750614]\n\t(No symbol) [0x00007FF7E78E376F]\n\t(No symbol) [0x00007FF7E78DEB24]\n\t(No symbol) [0x00007FF7E78DECB2]\n\t(No symbol) [0x00007FF7E78CE17F]\n\tBaseThreadInitThunk [0x00007FFABA49257D+29]\n\tRtlUserThreadStart [0x00007FFABA84AF28+40]", "trace": "self = <test_login.TestLogin object at 0x0000020447303880>\nparam = {'password': 'Hm12012326', 'username': '15703070836'}\n\n    @allure.title(\"测试登录用例\")\n    @pytest.mark.parametrize(\"param\", get_json_data(BASE_DIR + '/testdatas/login_data.json'))\n    def test_01_login_success(self, param):\n        # 进入登录的iframe框架\n        self.login_page.switch_to_frame_login()\n        # 登录，输入账号，密码\n        self.login_page.login(param['username'], param['password'])\n        sleep(3)\n        self.driver.switch_to.default_content()\n>       text = self.index_page.get_index_text()\n\ntest_login.py:39: \n_ _ _ _ _ _ _ _ _ _ _ _ _ _ _ _ _ _ _ _ _ _ _ _ _ _ _ _ _ _ _ _ _ _ _ _ _ _ _ _\n..\\pageobjects\\index_163_page.py:85: in get_index_text\n    text = self.print_text(*self.index_loc)\n..\\common\\BaseView.py:50: in print_text\n    el = self.find_element(*loc).text\n..\\common\\BaseView.py:19: in find_element\n    element = wait.until(lambda x: x.find_element(*loc))\n_ _ _ _ _ _ _ _ _ _ _ _ _ _ _ _ _ _ _ _ _ _ _ _ _ _ _ _ _ _ _ _ _ _ _ _ _ _ _ _\n\nself = <selenium.webdriver.support.wait.WebDriverWait (session=\"067a19331e2fc476d9fc727068d77f3f\")>\nmethod = <function BaseView.find_element.<locals>.<lambda> at 0x0000020446DB9160>\nmessage = ''\n\n    def until(self, method: Callable[[D], Union[Literal[False], T]], message: str = \"\") -> T:\n        \"\"\"Calls the method provided with the driver as an argument until the \\\n        return value does not evaluate to ``False``.\n    \n        :param method: callable(WebDriver)\n        :param message: optional message for :exc:`TimeoutException`\n        :returns: the result of the last call to `method`\n        :raises: :exc:`selenium.common.exceptions.TimeoutException` if timeout occurs\n        \"\"\"\n        screen = None\n        stacktrace = None\n    \n        end_time = time.monotonic() + self._timeout\n        while True:\n            try:\n                value = method(self._driver)\n                if value:\n                    return value\n            except self._ignored_exceptions as exc:\n                screen = getattr(exc, \"screen\", None)\n                stacktrace = getattr(exc, \"stacktrace\", None)\n            time.sleep(self._poll)\n            if time.monotonic() > end_time:\n                break\n>       raise TimeoutException(message, screen, stacktrace)\nE       selenium.common.exceptions.TimeoutException: Message: \nE       Stacktrace:\nE       \tGetHandleVerifier [0x00007FF7E795EEB2+31554]\nE       \t(No symbol) [0x00007FF7E78D7EE9]\nE       \t(No symbol) [0x00007FF7E779872A]\nE       \t(No symbol) [0x00007FF7E77E8434]\nE       \t(No symbol) [0x00007FF7E77E853C]\nE       \t(No symbol) [0x00007FF7E782F6A7]\nE       \t(No symbol) [0x00007FF7E780D06F]\nE       \t(No symbol) [0x00007FF7E782C977]\nE       \t(No symbol) [0x00007FF7E780CDD3]\nE       \t(No symbol) [0x00007FF7E77DA33B]\nE       \t(No symbol) [0x00007FF7E77DAED1]\nE       \tGetHandleVerifier [0x00007FF7E7C68B2D+3217341]\nE       \tGetHandleVerifier [0x00007FF7E7CB5AF3+3532675]\nE       \tGetHandleVerifier [0x00007FF7E7CAB0F0+3489152]\nE       \tGetHandleVerifier [0x00007FF7E7A0E786+750614]\nE       \t(No symbol) [0x00007FF7E78E376F]\nE       \t(No symbol) [0x00007FF7E78DEB24]\nE       \t(No symbol) [0x00007FF7E78DECB2]\nE       \t(No symbol) [0x00007FF7E78CE17F]\nE       \tBaseThreadInitThunk [0x00007FFABA49257D+29]\nE       \tRtlUserThreadStart [0x00007FFABA84AF28+40]\n\nC:\\Users\\hp\\AppData\\Local\\Programs\\Python\\Python39\\lib\\site-packages\\selenium\\webdriver\\support\\wait.py:105: TimeoutException"}, "parameters": [{"name": "param", "value": "{'username': '15703070836', 'password': 'Hm12012326'}"}], "start": 1721890435575, "stop": 1721890449055, "uuid": "b97d931e-1b9c-4b79-8a4f-32822a359bc4", "historyId": "358fad797d0f8626349f5f80ffc8c7b5", "testCaseId": "3a8cf7b87cb1338b0107e9f08b93e805", "fullName": "testcases.test_login.TestLogin#test_01_login_success", "labels": [{"name": "parentSuite", "value": "testcases"}, {"name": "suite", "value": "test_login"}, {"name": "subSuite", "value": "TestLogin"}, {"name": "host", "value": "DESKTOP-1O1SVHE"}, {"name": "thread", "value": "32916-MainThread"}, {"name": "framework", "value": "pytest"}, {"name": "language", "value": "cpython3"}, {"name": "package", "value": "testcases.test_login"}]}