{"name": "测试发送邮件用例", "status": "broken", "statusDetails": {"message": "selenium.common.exceptions.TimeoutException: Message: \nStacktrace:\n\tGetHandleVerifier [0x00007FF7E795EEB2+31554]\n\t(No symbol) [0x00007FF7E78D7EE9]\n\t(No symbol) [0x00007FF7E779872A]\n\t(No symbol) [0x00007FF7E77E8434]\n\t(No symbol) [0x00007FF7E77E853C]\n\t(No symbol) [0x00007FF7E782F6A7]\n\t(No symbol) [0x00007FF7E780D06F]\n\t(No symbol) [0x00007FF7E782C977]\n\t(No symbol) [0x00007FF7E780CDD3]\n\t(No symbol) [0x00007FF7E77DA33B]\n\t(No symbol) [0x00007FF7E77DAED1]\n\tGetHandleVerifier [0x00007FF7E7C68B2D+3217341]\n\tGetHandleVerifier [0x00007FF7E7CB5AF3+3532675]\n\tGetHandleVerifier [0x00007FF7E7CAB0F0+3489152]\n\tGetHandleVerifier [0x00007FF7E7A0E786+750614]\n\t(No symbol) [0x00007FF7E78E376F]\n\t(No symbol) [0x00007FF7E78DEB24]\n\t(No symbol) [0x00007FF7E78DECB2]\n\t(No symbol) [0x00007FF7E78CE17F]\n\tBaseThreadInitThunk [0x00007FFABA49257D+29]\n\tRtlUserThreadStart [0x00007FFABA84AF28+40]", "trace": "self = <test_send_email.TestEmail object at 0x000001FE8BED4820>\nparam = {'addressee': '233225774@qq.com', 'body': '自动化输入body内容', 'theme': '自动化测试的主题'}\n\n    @allure.title(\"测试发送邮件用例\")\n    @pytest.mark.parametrize(\"param\", get_json_data(BASE_DIR + '/testdatas/send_email_data.json'))\n    def test_03_send_email(self, param):\n>       self.index_page.click_send_mail()\n\ntest_send_email.py:58: \n_ _ _ _ _ _ _ _ _ _ _ _ _ _ _ _ _ _ _ _ _ _ _ _ _ _ _ _ _ _ _ _ _ _ _ _ _ _ _ _\n..\\pageobjects\\index_163_page.py:44: in click_send_mail\n    self.click(*self.write_email_loc)\n..\\common\\BaseView.py:34: in click\n    el = self.find_element(*loc)\n..\\common\\BaseView.py:19: in find_element\n    element = wait.until(lambda x: x.find_element(*loc))\n_ _ _ _ _ _ _ _ _ _ _ _ _ _ _ _ _ _ _ _ _ _ _ _ _ _ _ _ _ _ _ _ _ _ _ _ _ _ _ _\n\nself = <selenium.webdriver.support.wait.WebDriverWait (session=\"b482e18d3a27e2554451284a7fa4036b\")>\nmethod = <function BaseView.find_element.<locals>.<lambda> at 0x000001FE8B989160>\nmessage = ''\n\n    def until(self, method: Callable[[D], Union[Literal[False], T]], message: str = \"\") -> T:\n        \"\"\"Calls the method provided with the driver as an argument until the \\\n        return value does not evaluate to ``False``.\n    \n        :param method: callable(WebDriver)\n        :param message: optional message for :exc:`TimeoutException`\n        :returns: the result of the last call to `method`\n        :raises: :exc:`selenium.common.exceptions.TimeoutException` if timeout occurs\n        \"\"\"\n        screen = None\n        stacktrace = None\n    \n        end_time = time.monotonic() + self._timeout\n        while True:\n            try:\n                value = method(self._driver)\n                if value:\n                    return value\n            except self._ignored_exceptions as exc:\n                screen = getattr(exc, \"screen\", None)\n                stacktrace = getattr(exc, \"stacktrace\", None)\n            time.sleep(self._poll)\n            if time.monotonic() > end_time:\n                break\n>       raise TimeoutException(message, screen, stacktrace)\nE       selenium.common.exceptions.TimeoutException: Message: \nE       Stacktrace:\nE       \tGetHandleVerifier [0x00007FF7E795EEB2+31554]\nE       \t(No symbol) [0x00007FF7E78D7EE9]\nE       \t(No symbol) [0x00007FF7E779872A]\nE       \t(No symbol) [0x00007FF7E77E8434]\nE       \t(No symbol) [0x00007FF7E77E853C]\nE       \t(No symbol) [0x00007FF7E782F6A7]\nE       \t(No symbol) [0x00007FF7E780D06F]\nE       \t(No symbol) [0x00007FF7E782C977]\nE       \t(No symbol) [0x00007FF7E780CDD3]\nE       \t(No symbol) [0x00007FF7E77DA33B]\nE       \t(No symbol) [0x00007FF7E77DAED1]\nE       \tGetHandleVerifier [0x00007FF7E7C68B2D+3217341]\nE       \tGetHandleVerifier [0x00007FF7E7CB5AF3+3532675]\nE       \tGetHandleVerifier [0x00007FF7E7CAB0F0+3489152]\nE       \tGetHandleVerifier [0x00007FF7E7A0E786+750614]\nE       \t(No symbol) [0x00007FF7E78E376F]\nE       \t(No symbol) [0x00007FF7E78DEB24]\nE       \t(No symbol) [0x00007FF7E78DECB2]\nE       \t(No symbol) [0x00007FF7E78CE17F]\nE       \tBaseThreadInitThunk [0x00007FFABA49257D+29]\nE       \tRtlUserThreadStart [0x00007FFABA84AF28+40]\n\nC:\\Users\\hp\\AppData\\Local\\Programs\\Python\\Python39\\lib\\site-packages\\selenium\\webdriver\\support\\wait.py:105: TimeoutException"}, "parameters": [{"name": "param", "value": "{'addressee': '233225774@qq.com', 'theme': '自动化测试的主题', 'body': '自动化输入body内容'}"}], "start": 1721891122320, "stop": 1721891132587, "uuid": "a44449ea-f928-41c4-bd18-3be05e1d97f4", "historyId": "46cd030d102603669da16218a5e922b6", "testCaseId": "e9980809037cac075dc4596266b7112d", "fullName": "testcases.test_send_email.TestEmail#test_03_send_email", "labels": [{"name": "parentSuite", "value": "testcases"}, {"name": "suite", "value": "test_send_email"}, {"name": "subSuite", "value": "TestEmail"}, {"name": "host", "value": "DESKTOP-1O1SVHE"}, {"name": "thread", "value": "36020-MainThread"}, {"name": "framework", "value": "pytest"}, {"name": "language", "value": "cpython3"}, {"name": "package", "value": "testcases.test_send_email"}]}